*** Using Compiler 'V6.21', folder: 'C:\Keil_v5\ARM\ARMCLANG\Bin'
Build target 'Target 1'
compiling gd32f4xx_it.c...
compiling main.c...
compiling dma.c...
compiling ov2640.c...
compiling lcd_init.c...
compiling sccb.c...
compiling usart.c...
compiling systick.c...
compiling gd32f4xx_crc.c...
compiling gd32f4xx_ctc.c...
compiling gd32f4xx_dbg.c...
compiling gd32f4xx_adc.c...
compiling gd32f4xx_dac.c...
compiling gd32f4xx_can.c...
compiling gd32f4xx_dci.c...
compiling lcd.c...
compiling gd32f4xx_dma.c...
compiling gd32f4xx_exti.c...
compiling gd32f4xx_fwdgt.c...
compiling gd32f4xx_gpio.c...
compiling gd32f4xx_exmc.c...
compiling gd32f4xx_iref.c...
compiling gd32f4xx_i2c.c...
compiling gd32f4xx_misc.c...
compiling gd32f4xx_ipa.c...
compiling gd32f4xx_pmu.c...
compiling gd32f4xx_fmc.c...
compiling gd32f4xx_rcu.c...
compiling gd32f4xx_enet.c...
compiling gd32f4xx_sdio.c...
compiling gd32f4xx_spi.c...
compiling gd32f4xx_rtc.c...
compiling gd32f4xx_syscfg.c...
compiling gd32f4xx_trng.c...
compiling gd32f4xx_wwdgt.c...
compiling gd32f4xx_tli.c...
compiling system_gd32f4xx.c...
compiling gd32f4xx_usart.c...
compiling gd32f4xx_timer.c...
linking...
Program Size: Code=6696 RO-data=852 RW-data=8 ZI-data=5128  
FromELF: creating hex file...
".\Objects\GD32F450.axf" - 0 Error(s), 0 Warning(s).
Build Time Elapsed:  00:00:02
